<?xml version="1.0" encoding="UTF-8"?>
<!-- Generated by org.testng.reporters.JUnitReportReporter -->
<testsuite skipped="0" hostname="GURMBCP1588" name="com.learnautomation.testcases.LoginTestGuru99" tests="1" failures="0" timestamp="20 Nov 2021 12:50:56 GMT" time="1.605" errors="0">
  <testcase name="loginGuru99" time="1.605" classname="com.learnautomation.testcases.LoginTestGuru99"/>
</testsuite> <!-- com.learnautomation.testcases.LoginTestGuru99 -->
